"C:/Game_Development/EOE/EOE/Content/Characters/ParagonSerath/Characters/Heroes/Serath/Meshes/Orion_Proto_Retarget.uasset" 0
"C:/Game_Development/EOE/EOE/Content/Characters/ParagonSerath/Characters/Heroes/Serath/Meshes/Serath_Skeleton.uasset" 1
"C:/Game_Development/EOE/EOE/Content/Characters/ParagonSerath/Characters/Heroes/Serath/Animations/Idle.uasset" 2
"C:/Game_Development/EOE/EOE/Content/Characters/ParagonSerath/Characters/Heroes/Serath/Animations/Idle_AO_CC.uasset" 3
"C:/Game_Development/EOE/EOE/Content/Characters/ParagonSerath/Characters/Heroes/Serath/Animations/Idle_AO_CD.uasset" 4
"C:/Game_Development/EOE/EOE/Content/Characters/ParagonSerath/Characters/Heroes/Serath/Animations/Idle_AO_CU.uasset" 5
"C:/Game_Development/EOE/EOE/Content/Characters/ParagonSerath/Characters/Heroes/Serath/Animations/Idle_AO_LC.uasset" 6
"C:/Game_Development/EOE/EOE/Content/Characters/ParagonSerath/Characters/Heroes/Serath/Animations/Idle_AO_LD.uasset" 7
"C:/Game_Development/EOE/EOE/Content/Characters/ParagonSerath/Characters/Heroes/Serath/Animations/Idle_AO_LU.uasset" 8
"C:/Game_Development/EOE/EOE/Content/Characters/ParagonSerath/Characters/Heroes/Serath/Animations/Idle_AO_RC.uasset" 9
"C:/Game_Development/EOE/EOE/Content/Characters/ParagonSerath/Characters/Heroes/Serath/Animations/Idle_AO_RD.uasset" 10
"C:/Game_Development/EOE/EOE/Content/Characters/ParagonSerath/Characters/Heroes/Serath/Animations/Idle_AO_RU.uasset" 11
"C:/Game_Development/EOE/EOE/Content/Characters/ParagonSerath/Characters/Heroes/Serath/Animations/AimOffsets/Idle_AO_Blendspace.uasset" 12
"C:/Game_Development/EOE/EOE/Content/Characters/ParagonSerath/Characters/Heroes/Serath/Animations/Level_Start.uasset" 13
"C:/Game_Development/EOE/EOE/Content/Characters/ParagonSerath/Characters/Heroes/Serath/Animations/LevelStart_Montage.uasset" 14
"C:/Game_Development/EOE/EOE/Content/Characters/ParagonSerath/Characters/Heroes/Serath/Animations/Idle_Alt.uasset" 15
"C:/Game_Development/EOE/EOE/Content/Characters/ParagonSerath/Characters/Heroes/Serath/Animations/Jog_Fwd_Start.uasset" 16
"C:/Game_Development/EOE/EOE/Content/Characters/ParagonSerath/Characters/Heroes/Serath/Animations/Jog_Fwd_Stop.uasset" 17
"C:/Game_Development/EOE/EOE/Content/Characters/ParagonSerath/Characters/Heroes/Serath/Animations/Jump_Apex.uasset" 18
"C:/Game_Development/EOE/EOE/Content/Characters/ParagonSerath/Characters/Heroes/Serath/Animations/Jump_Land.uasset" 19
"C:/Game_Development/EOE/EOE/Content/Characters/ParagonSerath/Characters/Heroes/Serath/Animations/Jump_Recovery_Additive.uasset" 20
"C:/Game_Development/EOE/EOE/Content/Characters/ParagonSerath/Characters/Heroes/Serath/Animations/Jump_Start.uasset" 21
"C:/Game_Development/EOE/EOE/Content/Characters/ParagonSerath/Characters/Heroes/Serath/Animations/Jog_Fwd.uasset" 22
"C:/Game_Development/EOE/EOE/Content/Characters/ParagonSerath/Characters/Heroes/Serath/Animations/Jog_Fwd_Circle_Left.uasset" 23
"C:/Game_Development/EOE/EOE/Content/Characters/ParagonSerath/Characters/Heroes/Serath/Animations/Jog_Fwd_Circle_Right.uasset" 24
"C:/Game_Development/EOE/EOE/Content/Characters/ParagonSerath/Characters/Heroes/Serath/Animations/Jog_Fwd_Downhill.uasset" 25
"C:/Game_Development/EOE/EOE/Content/Characters/ParagonSerath/Characters/Heroes/Serath/Animations/Jog_Fwd_Uphill.uasset" 26
"C:/Game_Development/EOE/EOE/Content/Characters/ParagonSerath/Characters/Heroes/Serath/Animations/Blendspaces/JogFwdSlopeLean.uasset" 27
"C:/Game_Development/EOE/EOE/Content/Characters/ParagonSerath/Characters/Heroes/Serath/Animations/Jog_Bwd.uasset" 28
"C:/Game_Development/EOE/EOE/Content/Characters/ParagonSerath/Characters/Heroes/Serath/Animations/Jog_Left.uasset" 29
"C:/Game_Development/EOE/EOE/Content/Characters/ParagonSerath/Characters/Heroes/Serath/Animations/Jog_Right.uasset" 30
"C:/Game_Development/EOE/EOE/Content/Characters/ParagonSerath/Characters/Heroes/Serath/Animations/Blendspaces/Jog_Combat.uasset" 31
"C:/Game_Development/EOE/EOE/Content/Characters/ParagonSerath/Characters/Heroes/Serath/Animations/Jog_Bwd_Start.uasset" 32
"C:/Game_Development/EOE/EOE/Content/Characters/ParagonSerath/Characters/Heroes/Serath/Animations/Jog_Left_Start.uasset" 33
"C:/Game_Development/EOE/EOE/Content/Characters/ParagonSerath/Characters/Heroes/Serath/Animations/Jog_Right_Start.uasset" 34
"C:/Game_Development/EOE/EOE/Content/Characters/ParagonSerath/Characters/Heroes/Serath/Animations/Blendspaces/Jog_Start.uasset" 35
"../../../Engine/Content/EditorBlueprintResources/StandardMacros.uasset" 36
"C:/Game_Development/EOE/EOE/Content/Characters/ParagonSerath/Characters/Heroes/Serath/Serath_AnimBlueprint.uasset" 37
"C:/Game_Development/EOE/EOE/Content/Characters/ParagonSerath/Characters/Heroes/Serath/Animations/Primary_Attack_A_Fast.uasset" 38
"C:/Game_Development/EOE/EOE/Content/Characters/ParagonSerath/Characters/Heroes/Serath/Animations/Primary_Attack_A_Medium_Montage.uasset" 39
"C:/Game_Development/EOE/EOE/Content/Characters/ParagonSerath/Characters/Heroes/Serath/Animations/Primary_Attack_B_Fast.uasset" 40
"C:/Game_Development/EOE/EOE/Content/Characters/ParagonSerath/Characters/Heroes/Serath/Animations/Primary_Attack_B_Medium_Montage.uasset" 41
"C:/Game_Development/EOE/EOE/Content/Characters/ParagonSerath/Characters/Heroes/Serath/Animations/Primary_Attack_C_Medium_120fps.uasset" 42
"C:/Game_Development/EOE/EOE/Content/Characters/ParagonSerath/Characters/Heroes/Serath/Animations/Primary_Attack_C_Medium_120fps_Montage.uasset" 43
"C:/Game_Development/EOE/EOE/Content/Characters/ParagonSerath/Characters/Heroes/Serath/Animations/Primary_Attack_D_Medium.uasset" 44
"C:/Game_Development/EOE/EOE/Content/Characters/ParagonSerath/Characters/Heroes/Serath/Animations/Primary_Attack_D_Medium_Montage.uasset" 45
"../../../Engine/Content/Functions/Engine_MaterialFunctions01/Gradient/LinearGradient.uasset" 46
"../../../Engine/Content/Functions/Engine_MaterialFunctions01/ImageAdjustment/3ColorBlend.uasset" 47
"../../../Engine/Content/Functions/Engine_MaterialFunctions01/ImageAdjustment/DeriveHDRfromLDR.uasset" 48
"../../../Engine/Content/Functions/Engine_MaterialFunctions02/SafeNormalize.uasset" 49
"../../../Engine/Content/Functions/Engine_MaterialFunctions02/Math/CreateThirdOrthogonalVector.uasset" 50
"../../../Engine/Content/Functions/Engine_MaterialFunctions02/Utility/BreakOutFloat3Components.uasset" 51
"../../../Engine/Content/Functions/Engine_MaterialFunctions02/Math/Transform3x3Matrix.uasset" 52
"../../../Engine/Content/Functions/Engine_MaterialFunctions02/TangentBasis.uasset" 53
"../../../Engine/Content/Functions/Engine_MaterialFunctions02/Utility/BlendAngleCorrectedNormals.uasset" 54
"../../../Engine/Content/Functions/Engine_MaterialFunctions02/Utility/VectorLength.uasset" 55
"../../../Engine/Content/Functions/Engine_MaterialFunctions01/WorldPositionOffset/SplineThicken.uasset" 56
"../../../Engine/Content/Functions/Engine_MaterialFunctions02/Texturing/CustomRotator.uasset" 57
"../../../Engine/Content/Functions/Engine_MaterialFunctions02/Utility/DebugTimeSine.uasset" 58
"../../../Engine/Content/EngineMaterials/BlendFunc_DefBase.uasset" 59
"../../../Engine/Content/EngineMaterials/BlendFunc_DefBlend.uasset" 60
"../../../Engine/Content/Functions/Engine_MaterialFunctions03/Blends/Blend_Difference.uasset" 61
"C:/Game_Development/EOE/EOE/Content/Characters/ParagonSerath/Characters/Global/MaterialFunctions/MF_FallenAngel_Toggle.uasset" 62
"C:/Game_Development/EOE/EOE/Content/Characters/ParagonSerath/Characters/Global/FX/Textures/Explosions/T_FireBall.uasset" 63
"C:/Game_Development/EOE/EOE/Content/Characters/ParagonSerath/Characters/Global/FX/Textures/Masks/T_Beam_Gradient_02.uasset" 64
"C:/Game_Development/EOE/EOE/Content/Characters/ParagonSerath/Characters/Global/FX/Textures/Masks/T_Explosion_WarpMask.uasset" 65
"C:/Game_Development/EOE/EOE/Content/Characters/ParagonSerath/Characters/Global/FX/Textures/Masks/T_Smooth_Gradient_Vertical_A.uasset" 66
"C:/Game_Development/EOE/EOE/Content/Characters/ParagonSerath/Characters/Global/FX/Textures/Masks/T_Spline_Gradient.uasset" 67
"C:/Game_Development/EOE/EOE/Content/Characters/ParagonSerath/Characters/Global/FX/Textures/Masks/T_Square_Gradient_M.uasset" 68
"C:/Game_Development/EOE/EOE/Content/Characters/ParagonSerath/Characters/Global/FX/Textures/Tile/Energy/Plasma/T_Sparrow_Poster_Tendrils_v2_Seamless.uasset" 69
"C:/Game_Development/EOE/EOE/Content/Characters/ParagonSerath/Characters/Global/FX/Textures/trails/T_Trail_Mask.uasset" 70
"C:/Game_Development/EOE/EOE/Content/Characters/ParagonSerath/Characters/Global/FX/Textures/trails/T_Venus_Trail.uasset" 71
"C:/Game_Development/EOE/EOE/Content/Characters/ParagonSerath/Characters/Heroes/Serath/Materials/M_NewWingsSplines2.uasset" 72
"../../../Engine/Content/Functions/Engine_MaterialFunctions01/ImageAdjustment/CheapContrast.uasset" 73
"../../../Engine/Content/Functions/Engine_MaterialFunctions01/Shading/MetallicShading.uasset" 74
"../../../Engine/Content/EngineMaterials/DefaultDiffuse.uasset" 75
"../../../Engine/Content/Functions/Engine_MaterialFunctions01/Texturing/WorldAlignedTexture.uasset" 76
"../../../Engine/Content/Functions/Engine_MaterialFunctions02/Texturing/ScreenAlignedPixelToPixelUVs.uasset" 77
"../../../Engine/Content/EngineMaterials/Good64x64TilingNoiseHighFreq.uasset" 78
"../../../Engine/Content/Functions/Engine_MaterialFunctions02/Utility/DitherTemporalAA.uasset" 79
"../../../Engine/Content/Functions/Engine_MaterialFunctions02/Utility/Sine_Remapped.uasset" 80
"../../../Engine/Content/Functions/Engine_MaterialFunctions03/Blends/Lerp_ScratchGrime.uasset" 81
"../../../Engine/Content/Functions/MaterialLayerFunctions/MatLayerBlend_BakedNormal.uasset" 82
"../../../Engine/Content/Functions/MaterialLayerFunctions/MatLayerBlend_BreakBaseColor.uasset" 83
"../../../Engine/Content/Functions/MaterialLayerFunctions/MatLayerBlend_Emissive.uasset" 84
"../../../Engine/Content/Functions/MaterialLayerFunctions/MatLayerBlend_OverrideBaseColor.uasset" 85
"../../../Engine/Content/Functions/MaterialLayerFunctions/MatLayerBlend_RoughnessOverride.uasset" 86
"../../../Engine/Content/Functions/MaterialLayerFunctions/MatLayerBlend_Standard.uasset" 87
"../../../Engine/Content/Functions/MaterialLayerFunctions/MatLayerBlend_TenLayerBlend.uasset" 88
"../../../Engine/Content/Functions/MaterialLayerFunctions/MatLayerBlend_Tint.uasset" 89
"C:/Game_Development/EOE/EOE/Content/Characters/ParagonSerath/Characters/Global/Eyes/MaterialFunctions/MaterialLayerConstructors/MLC_ScratchAndGrime.uasset" 90
"../../../Engine/Content/EngineMaterials/DefaultNormal.uasset" 91
"C:/Game_Development/EOE/EOE/Content/Characters/ParagonSerath/Characters/Global/Eyes/MaterialFunctions/MaterialLayerConstructors/MLC_Standard.uasset" 92
"C:/Game_Development/EOE/EOE/Content/Characters/ParagonSerath/Characters/Global/Eyes/MaterialFunctions/MF_BrightnessAdjust.uasset" 93
"../../../Engine/Content/EngineResources/WhiteSquareTexture.uasset" 94
"C:/Game_Development/EOE/EOE/Content/Characters/ParagonSerath/Characters/Global/T_Black_Linear.uasset" 95
"C:/Game_Development/EOE/EOE/Content/Characters/ParagonSerath/Characters/Global/Eyes/MaterialFunctions/MF_OrionCharacterAO.uasset" 96
"C:/Game_Development/EOE/EOE/Content/Characters/ParagonSerath/Characters/Global/MaterialLayers/T_TestML_Mask.uasset" 97
"C:/Game_Development/EOE/EOE/Content/Characters/ParagonSerath/Characters/Global/MaterialLayers/ML__Blank.uasset" 98
"C:/Game_Development/EOE/EOE/Content/Characters/ParagonSerath/Characters/Global/ParameterCollections/OrionGlobalGameplayCollection.uasset" 99
"C:/Game_Development/EOE/EOE/Content/Characters/ParagonSerath/Characters/Global/MaterialFunctions/HitFlash.uasset" 100
"C:/Game_Development/EOE/EOE/Content/Characters/ParagonSerath/Characters/Global/Eyes/Textures/T_AtmosphericCloudNoise01.uasset" 101
"C:/Game_Development/EOE/EOE/Content/Characters/ParagonSerath/Characters/Global/Eyes/Textures/T_AtmosphericCloudNoise01_N.uasset" 102
"C:/Game_Development/EOE/EOE/Content/Characters/ParagonSerath/Characters/Global/Eyes/Textures/T_AtmosphericCloudNoise03.uasset" 103
"C:/Game_Development/EOE/EOE/Content/Characters/ParagonSerath/Characters/Global/MaterialFunctions/MF_DeathFade.uasset" 104
"C:/Game_Development/EOE/EOE/Content/Characters/ParagonSerath/Characters/Global/MaterialLayers/Metal/T_Blue_Metal02.uasset" 105
"C:/Game_Development/EOE/EOE/Content/Characters/ParagonSerath/Characters/Global/MaterialLayers/Rubber/T_Blank_N.uasset" 106
"C:/Game_Development/EOE/EOE/Content/Characters/ParagonSerath/Characters/Global/MaterialLayers/Metal/ML_blue_Metal.uasset" 107
"C:/Game_Development/EOE/EOE/Content/Characters/ParagonSerath/Characters/Global/MaterialFunctions/MF_OrionRimlight.uasset" 108
"C:/Game_Development/EOE/EOE/Content/Characters/ParagonSerath/Characters/Global/MaterialFunctions/MF_CharacterEffects.uasset" 109
"C:/Game_Development/EOE/EOE/Content/Characters/ParagonSerath/Characters/Global/Eyes/Textures/T_SmokeRend_N.uasset" 110
"C:/Game_Development/EOE/EOE/Content/Characters/ParagonSerath/Characters/Global/FX/Textures/Tile/Energy/Plasma/T_Sparrow_Poster_Tendrils_v2_Seamless_BLUR.uasset" 111
"C:/Game_Development/EOE/EOE/Content/Characters/ParagonSerath/Characters/Global/MaterialFunctions/Textures/T_Serath_Mace_Mask.uasset" 112
"C:/Game_Development/EOE/EOE/Content/Characters/ParagonSerath/Characters/Global/MaterialFunctions/MF_MaceGlowHoly.uasset" 113
"C:/Game_Development/EOE/EOE/Content/Characters/ParagonSerath/Characters/Global/MaterialLayers/Metal/T_Chainmail_Gold.uasset" 114
"C:/Game_Development/EOE/EOE/Content/Characters/ParagonSerath/Characters/Global/MaterialLayers/Metal/T_Chainmail_Gold_N.uasset" 115
"C:/Game_Development/EOE/EOE/Content/Characters/ParagonSerath/Characters/Global/MaterialLayers/Metal/ML_Gold_Chainmail.uasset" 116
"C:/Game_Development/EOE/EOE/Content/Characters/ParagonSerath/Characters/Global/MaterialLayers/Metal/T_Artifact_Bronze01.uasset" 117
"C:/Game_Development/EOE/EOE/Content/Characters/ParagonSerath/Characters/Global/MaterialLayers/Metal/T_Artifact_Bronze01_Dirty.uasset" 118
"C:/Game_Development/EOE/EOE/Content/Characters/ParagonSerath/Characters/Global/MaterialLayers/Metal/T_Artifact_Bronze01_N.uasset" 119
"C:/Game_Development/EOE/EOE/Content/Characters/ParagonSerath/Characters/Global/MaterialLayers/Metal/MLArtifactBronze2.uasset" 120
"C:/Game_Development/EOE/EOE/Content/Characters/ParagonSerath/Characters/Global/Eyes/Textures/T_Noise_Marble.uasset" 121
"C:/Game_Development/EOE/EOE/Content/Characters/ParagonSerath/Characters/Global/MaterialLayers/Painted/T_PaintScratches.uasset" 122
"C:/Game_Development/EOE/EOE/Content/Characters/ParagonSerath/Characters/Global/MaterialLayers/Painted/ML_AngelicArmor.uasset" 123
"C:/Game_Development/EOE/EOE/Content/Characters/ParagonSerath/Characters/Heroes/Serath/Materials/MF_GoodEvilMask.uasset" 124
"C:/Game_Development/EOE/EOE/Content/Characters/ParagonSerath/Characters/Heroes/Serath/Skins/Tier1/Serath_Val/Textures/WarDrum_SubsurfaceProfile.uasset" 125
"C:/Game_Development/EOE/EOE/Content/Characters/ParagonSerath/Characters/Heroes/Serath/Textures/T_ChestThighForearmMace_Grime_M.uasset" 126
"C:/Game_Development/EOE/EOE/Content/Characters/ParagonSerath/Characters/Heroes/Serath/Textures/T_ChestThighForearmMace_Holy_N.uasset" 127
"C:/Game_Development/EOE/EOE/Content/Characters/ParagonSerath/Characters/Heroes/Serath/Textures/T_ChestThighForearmMace_RGB3_M.uasset" 128
"C:/Game_Development/EOE/EOE/Content/Characters/ParagonSerath/Characters/Heroes/Serath/Textures/T_ChestThighForearmMace_Scratches_M.uasset" 129
"C:/Game_Development/EOE/EOE/Content/Characters/ParagonSerath/Characters/Heroes/Serath/Textures/T_ChestThighForearmMace_UNHoly_N.uasset" 130
"C:/Game_Development/EOE/EOE/Content/Characters/ParagonSerath/Characters/Heroes/Serath/Textures/T_Serath_E.uasset" 131
"C:/Game_Development/EOE/EOE/Content/Characters/ParagonSerath/Characters/Heroes/Serath/Materials/M_Serath_ChestThighForearmMaceHolyEvil.uasset" 132
"../../../Engine/Content/Functions/Engine_MaterialFunctions01/Texturing/FlattenNormal.uasset" 133
"../../../Engine/Content/Functions/MaterialLayerFunctions/MatLayerBlend_NormalFlatten.uasset" 134
"C:/Game_Development/EOE/EOE/Content/Characters/ParagonSerath/Characters/Global/Eyes/MaterialFunctions/MaterialLayerConstructors/MF_RoughnessAdjustment.uasset" 135
"C:/Game_Development/EOE/EOE/Content/Characters/ParagonSerath/Characters/Global/MaterialFunctions/MF_Normalboost.uasset" 136
"C:/Game_Development/EOE/EOE/Content/Characters/ParagonSerath/Characters/Global/MaterialLayers/Skin/T_Pore_Normals2.uasset" 137
"C:/Game_Development/EOE/EOE/Content/Characters/ParagonSerath/Characters/Global/MaterialLayers/Skin/T_Pore_Specular.uasset" 138
"C:/Game_Development/EOE/EOE/Content/Characters/ParagonSerath/Characters/Global/MaterialFunctions/MF_SkinPores.uasset" 139
"C:/Game_Development/EOE/EOE/Content/Characters/ParagonSerath/Characters/Global/MaterialLayers/Skin/ML_Skin.uasset" 140
"C:/Game_Development/EOE/EOE/Content/Characters/ParagonSerath/Characters/Global/MaterialFunctions/T_ThinFilm_Spectrum_COLOR.uasset" 141
"C:/Game_Development/EOE/EOE/Content/Characters/ParagonSerath/Characters/Global/MaterialLayers/Synthetics/T_Metallic_Flakes_MASK.uasset" 142
"C:/Game_Development/EOE/EOE/Content/Characters/ParagonSerath/Characters/Global/MaterialLayers/Synthetics/T_Metallic_Flakes_N.uasset" 143
"C:/Game_Development/EOE/EOE/Content/Characters/ParagonSerath/Characters/Global/MaterialLayers/Synthetics/ML_MetallicFlakes_2.uasset" 144
"C:/Game_Development/EOE/EOE/Content/Characters/ParagonSerath/Characters/Heroes/Serath/Materials/Serath_SubsurfaceProfile.uasset" 145
"C:/Game_Development/EOE/EOE/Content/Characters/ParagonSerath/Characters/Heroes/Serath/Textures/T_HeadShoulderArms_2_D.uasset" 146
"C:/Game_Development/EOE/EOE/Content/Characters/ParagonSerath/Characters/Heroes/Serath/Textures/T_HeadShoulderArms_2_UnHoly_D.uasset" 147
"C:/Game_Development/EOE/EOE/Content/Characters/ParagonSerath/Characters/Heroes/Serath/Textures/T_HeadShoulderArms_2N.uasset" 148
"C:/Game_Development/EOE/EOE/Content/Characters/ParagonSerath/Characters/Heroes/Serath/Textures/T_HeadShoulderArms_Spec_M.uasset" 149
"C:/Game_Development/EOE/EOE/Content/Characters/ParagonSerath/Characters/Heroes/Serath/Textures/T_HeadShoulderArms_UnHoly_Spec_M.uasset" 150
"C:/Game_Development/EOE/EOE/Content/Characters/ParagonSerath/Characters/Heroes/Serath/Materials/M_Serath_Head.uasset" 151
"C:/Game_Development/EOE/EOE/Content/Characters/ParagonSerath/Characters/Heroes/Serath/Textures/T_AngelicArmor_Tile_D.uasset" 152
"C:/Game_Development/EOE/EOE/Content/Characters/ParagonSerath/Characters/Global/MaterialLayers/Painted/ML_AngelicArmor2.uasset" 153
"C:/Game_Development/EOE/EOE/Content/Characters/ParagonSerath/Characters/Heroes/Serath/Textures/T_HeadShoulderArms_Grime_M.uasset" 154
"C:/Game_Development/EOE/EOE/Content/Characters/ParagonSerath/Characters/Heroes/Serath/Textures/T_HeadShoulderArms_N.uasset" 155
"C:/Game_Development/EOE/EOE/Content/Characters/ParagonSerath/Characters/Heroes/Serath/Textures/T_HeadShoulderArms_RGB1_M.uasset" 156
"C:/Game_Development/EOE/EOE/Content/Characters/ParagonSerath/Characters/Heroes/Serath/Textures/T_HeadShoulderArms_Scratches_M.uasset" 157
"C:/Game_Development/EOE/EOE/Content/Characters/ParagonSerath/Characters/Heroes/Serath/Textures/T_Shoulders_UnHoly_RGB1_M.uasset" 158
"C:/Game_Development/EOE/EOE/Content/Characters/ParagonSerath/Characters/Heroes/Serath/Materials/M_Serath_HeadShoulderArms_HolyandEvil.uasset" 159
"C:/Game_Development/EOE/EOE/Content/Characters/ParagonSerath/Characters/Global/MaterialLayers/Fabric/T_GoldFabric01_N.uasset" 160
"C:/Game_Development/EOE/EOE/Content/Characters/ParagonSerath/Characters/Global/MaterialLayers/Fabric/T_silkroughness.uasset" 161
"C:/Game_Development/EOE/EOE/Content/Characters/ParagonSerath/Characters/Global/MaterialLayers/Fabric/ML_RoyalSilk.uasset" 162
"C:/Game_Development/EOE/EOE/Content/Characters/ParagonSerath/Characters/Global/MaterialLayers/Metal/ML_LightGold.uasset" 163
"C:/Game_Development/EOE/EOE/Content/Characters/ParagonSerath/Characters/Global/Eyes/Textures/T_TilingNoise14.uasset" 164
"C:/Game_Development/EOE/EOE/Content/Characters/ParagonSerath/Characters/Global/MaterialLayers/Fabric/T_PittedCloth.uasset" 165
"C:/Game_Development/EOE/EOE/Content/Characters/ParagonSerath/Characters/Heroes/Serath/Textures/T_HipsKneesFeet_Grime_M.uasset" 166
"C:/Game_Development/EOE/EOE/Content/Characters/ParagonSerath/Characters/Heroes/Serath/Textures/T_HipsKneesFeet_N.uasset" 167
"C:/Game_Development/EOE/EOE/Content/Characters/ParagonSerath/Characters/Heroes/Serath/Textures/T_Serath_Fabric_Tile2.uasset" 168
"C:/Game_Development/EOE/EOE/Content/Characters/ParagonSerath/Characters/Heroes/Serath/Materials/M_Serath_Silk.uasset" 169
"../../../Engine/Content/Functions/Engine_MaterialFunctions02/Utility/BreakOutFloat2Components.uasset" 170
"../../../Engine/Content/Functions/Engine_MaterialFunctions01/Texturing/ScaleUVsByCenter.uasset" 171
"C:/Game_Development/EOE/EOE/Content/Characters/ParagonSerath/Characters/Global/FX/Materials/Functions/FX_EmissiveModulate.uasset" 172
"C:/Game_Development/EOE/EOE/Content/Characters/ParagonSerath/Characters/Global/MaterialFunctions/MF_FallenAngelColors.uasset" 173
"C:/Game_Development/EOE/EOE/Content/Characters/ParagonSerath/Characters/Global/FX/Textures/Energy/Plasma/T_Turbulence_Seamless_N.uasset" 174
"C:/Game_Development/EOE/EOE/Content/Characters/ParagonSerath/Characters/Heroes/Serath/Textures/T_Serath_WingThicknessMask.uasset" 175
"C:/Game_Development/EOE/EOE/Content/Characters/ParagonSerath/Characters/Heroes/Serath/Textures/T_SerathWings_EvilMask.uasset" 176
"C:/Game_Development/EOE/EOE/Content/Characters/ParagonSerath/Characters/Heroes/Serath/Textures/T_SerathWings_HolyMask.uasset" 177
"C:/Game_Development/EOE/EOE/Content/Characters/ParagonSerath/Characters/Heroes/Serath/Textures/T_WingUVMask_Back.uasset" 178
"C:/Game_Development/EOE/EOE/Content/Characters/ParagonSerath/Characters/Heroes/Serath/Materials/M_WingWebbing_HolyAndEvil2.uasset" 179
"C:/Game_Development/EOE/EOE/Content/Characters/ParagonSerath/Characters/Heroes/Serath/Textures/T_Serath_Feet_Spec_M.uasset" 180
"C:/Game_Development/EOE/EOE/Content/Characters/ParagonSerath/Characters/Heroes/Serath/Skins/Tier1/Serath_Gold/Materials/M_Serath_RP1_Holy_Feet.uasset" 181
"C:/Game_Development/EOE/EOE/Content/Characters/ParagonSerath/Characters/Global/Eyelash/T_Universal_Eyelashes_D.uasset" 182
"C:/Game_Development/EOE/EOE/Content/Characters/ParagonSerath/Characters/Global/Eyelash/M_EyelashMaster.uasset" 183
"C:/Game_Development/EOE/EOE/Content/Characters/ParagonSerath/Characters/Global/Eyelash/M_EyelashMaster_Inst.uasset" 184
"C:/Game_Development/EOE/EOE/Content/Characters/ParagonSerath/Characters/Global/Mouth/Materials/TeethSubsurfaceProfile.uasset" 185
"C:/Game_Development/EOE/EOE/Content/Characters/ParagonSerath/Characters/Global/Mouth/Textures/T_Master_Mouth_1_COLOR.uasset" 186
"C:/Game_Development/EOE/EOE/Content/Characters/ParagonSerath/Characters/Global/Mouth/Textures/T_Master_Mouth_1_N.uasset" 187
"C:/Game_Development/EOE/EOE/Content/Characters/ParagonSerath/Characters/Global/Mouth/Textures/T_Master_Mouth_1_RGB.uasset" 188
"C:/Game_Development/EOE/EOE/Content/Characters/ParagonSerath/Characters/Global/Mouth/Materials/M_Mouth_Master.uasset" 189
"C:/Game_Development/EOE/EOE/Content/Characters/ParagonSerath/Characters/Global/Mouth/Textures/T_TeethAndTongue_D.uasset" 190
"C:/Game_Development/EOE/EOE/Content/Characters/ParagonSerath/Characters/Global/Mouth/Textures/T_TeethAndTongue_N.uasset" 191
"C:/Game_Development/EOE/EOE/Content/Characters/ParagonSerath/Characters/Global/Mouth/Materials/MI_Human_Mouth.uasset" 192
"../../../Engine/Content/Functions/Engine_MaterialFunctions01/ImageAdjustment/BlurSampleOffsets.uasset" 193
"../../../Engine/Content/Functions/Engine_MaterialFunctions01/ImageAdjustment/SceneTextureAverage.uasset" 194
"../../../Engine/Content/Functions/Engine_MaterialFunctions02/Utility/CameraVectorWithWPOOptions.uasset" 195
"../../../Engine/Content/Functions/Engine_MaterialFunctions02/WorldPositionOffset/CameraOffset.uasset" 196
"C:/Game_Development/EOE/EOE/Content/Characters/ParagonSerath/Characters/Global/Eyes/Textures/T_EyeOcclusion2.uasset" 197
"C:/Game_Development/EOE/EOE/Content/Characters/ParagonSerath/Characters/Global/Eyes/Materials/M_Eye_Occlusion.uasset" 198
"C:/Game_Development/EOE/EOE/Content/Characters/ParagonSerath/Characters/Heroes/Serath/Materials/M_Eye_Occlusion_Inst.uasset" 199
"../../../Engine/Content/Functions/Engine_MaterialFunctions02/HueShift.uasset" 200
"../../../Engine/Content/Functions/Engine_MaterialFunctions02/Utility/MakeFloat2.uasset" 201
"C:/Game_Development/EOE/EOE/Content/Characters/ParagonSerath/Characters/Global/Eyes/Textures/T_EyeMidPlaneDisplacement_Example.uasset" 202
"C:/Game_Development/EOE/EOE/Content/Characters/ParagonSerath/Characters/Global/Eyes/MaterialFunctions/ML_EyeRefraction.uasset" 203
"../../../Engine/Content/EngineMaterials/BaseFlattenNormalMap.uasset" 204
"C:/Game_Development/EOE/EOE/Content/Characters/ParagonSerath/Characters/Global/FX/Textures/Flares/T_Muriel_Corona_D.uasset" 205
"C:/Game_Development/EOE/EOE/Content/Characters/ParagonSerath/Characters/Global/MaterialLayers/ML_TacticiaULTEye.uasset" 206
"C:/Game_Development/EOE/EOE/Content/Characters/ParagonSerath/Characters/Global/Eyes/Textures/EpicQuadPanorama_CC.uasset" 207
"C:/Game_Development/EOE/EOE/Content/Characters/ParagonSerath/Characters/Global/Eyes/Textures/EyeInner_Profile.uasset" 208
"C:/Game_Development/EOE/EOE/Content/Characters/ParagonSerath/Characters/Global/Eyes/Textures/T_DecalMask_Radial03.uasset" 209
"C:/Game_Development/EOE/EOE/Content/Characters/ParagonSerath/Characters/Global/Eyes/Textures/T_EYE_NORMALS.uasset" 210
"C:/Game_Development/EOE/EOE/Content/Characters/ParagonSerath/Characters/Global/Eyes/Textures/T_Eye_Wet_Normal.uasset" 211
"C:/Game_Development/EOE/EOE/Content/Characters/ParagonSerath/Characters/Global/Eyes/Textures/T_EyeIrisBaseColor_Example_2.uasset" 212
"C:/Game_Development/EOE/EOE/Content/Characters/ParagonSerath/Characters/Global/Eyes/Textures/T_EyeScleraBaseColor_Example_2.uasset" 213
"C:/Game_Development/EOE/EOE/Content/Characters/ParagonSerath/Characters/Global/Eyes/Textures/T_Sphere_EYE_NORMALS.uasset" 214
"C:/Game_Development/EOE/EOE/Content/Characters/ParagonSerath/Characters/Global/Eyes/Textures/T_Swirly_Noise.uasset" 215
"C:/Game_Development/EOE/EOE/Content/Characters/ParagonSerath/Characters/Global/Eyes/Materials/M_EyeRefractive.uasset" 216
"C:/Game_Development/EOE/EOE/Content/Characters/ParagonSerath/Characters/Global/Eyes/Textures/T_EyeIrisBaseColor_Example_5.uasset" 217
"C:/Game_Development/EOE/EOE/Content/Characters/ParagonSerath/Characters/Heroes/Serath/Materials/M_Serath_EyeRefractive_Inst.uasset" 218
"C:/Game_Development/EOE/EOE/Content/Characters/ParagonSerath/Characters/Global/Eyes/Materials/M_TearLine.uasset" 219
"C:/Game_Development/EOE/EOE/Content/Characters/ParagonSerath/Characters/Heroes/Serath/Materials/M_TearLine_Inst3.uasset" 220
"../../../Engine/Content/Functions/Engine_MaterialFunctions02/Math/MultiplyAdd.uasset" 221
"C:/Game_Development/EOE/EOE/Content/Characters/ParagonSerath/Characters/Global/Hair/Materials/MF_BlendHairColorsWithParam.uasset" 222
"C:/Game_Development/EOE/EOE/Content/Characters/ParagonSerath/Characters/Global/MaterialFunctions/ParagonCharacterHairWind.uasset" 223
"../../../Engine/Content/EditorMaterials/Cascade/CASC_Solo_On.uasset" 224
"../../../Engine/Content/EngineResources/Black.uasset" 225
"C:/Game_Development/EOE/EOE/Content/Characters/ParagonSerath/Characters/Global/FX/Textures/Gradients/Masks/T_gradient_stasis.uasset" 226
"C:/Game_Development/EOE/EOE/Content/Characters/ParagonSerath/Characters/Global/FX/Textures/Water/T_Caustics_2.uasset" 227
"C:/Game_Development/EOE/EOE/Content/Characters/ParagonSerath/Characters/Global/Hair/T_Fire_Tiled_D.uasset" 228
"C:/Game_Development/EOE/EOE/Content/Characters/ParagonSerath/Characters/Global/Hair/TestContent/T_HairClump02_Alpha.uasset" 229
"C:/Game_Development/EOE/EOE/Content/Characters/ParagonSerath/Characters/Global/Hair/TestContent/T_HairClump02_Depth.uasset" 230
"C:/Game_Development/EOE/EOE/Content/Characters/ParagonSerath/Characters/Global/Hair/TestContent/T_HairClump02_DyeMask.uasset" 231
"C:/Game_Development/EOE/EOE/Content/Characters/ParagonSerath/Characters/Global/Hair/TestContent/T_HairClump02_ID.uasset" 232
"C:/Game_Development/EOE/EOE/Content/Characters/ParagonSerath/Characters/Global/Hair/TestContent/T_HairClump02_Roots.uasset" 233
"C:/Game_Development/EOE/EOE/Content/Characters/ParagonSerath/Characters/Global/Hair/Materials/M_HairSheet_Master2.uasset" 234
"C:/Game_Development/EOE/EOE/Content/Characters/ParagonSerath/Characters/Global/Hair/SharedHairContent/FemaleHair_BodyWave/T_FemaleHaiBodyWave_ID.uasset" 235
"C:/Game_Development/EOE/EOE/Content/Characters/ParagonSerath/Characters/Global/Hair/SharedHairContent/FemaleHair_BodyWave/T_FemaleHairBodyWave_Depth.uasset" 236
"C:/Game_Development/EOE/EOE/Content/Characters/ParagonSerath/Characters/Global/Hair/SharedHairContent/FemaleHair_BodyWave/T_FemaleHairBodyWave_HairFlow.uasset" 237
"C:/Game_Development/EOE/EOE/Content/Characters/ParagonSerath/Characters/Global/Hair/SharedHairContent/FemaleHair_BodyWave/T_FemaleHairBodyWave_Opacity.uasset" 238
"C:/Game_Development/EOE/EOE/Content/Characters/ParagonSerath/Characters/Global/Hair/SharedHairContent/FemaleHair_BodyWave/T_FemaleHairBodyWave_Roots.uasset" 239
"C:/Game_Development/EOE/EOE/Content/Characters/ParagonSerath/Characters/Global/MaterialLayers/Fabric/Flat_White.uasset" 240
"C:/Game_Development/EOE/EOE/Content/Characters/ParagonSerath/Characters/Heroes/Serath/Textures/T_ao_bake.uasset" 241
"C:/Game_Development/EOE/EOE/Content/Characters/ParagonSerath/Characters/Heroes/Serath/Textures/T_Serath_Hair_Diffuse.uasset" 242
"C:/Game_Development/EOE/EOE/Content/Characters/ParagonSerath/Characters/Heroes/Serath/Materials/Serath_Hair_Holy.uasset" 243
"C:/Game_Development/EOE/EOE/Content/Characters/ParagonSerath/Characters/Heroes/Serath/Meshes/Serath_Extents.uasset" 244
"C:/Game_Development/EOE/EOE/Content/Characters/ParagonSerath/Characters/Heroes/Serath/Meshes/Serath.uasset" 245
"C:/Game_Development/EOE/EOE/Content/Characters/ParagonSerath/Characters/Heroes/Serath/SerathPlayerCharacter.uasset" 246
"C:/Game_Development/EOE/EOE/Content/Characters/ParagonSerath/Characters/Heroes/Serath/Serath_Anim_Blueprint_Erlend.uasset" 247
"C:/Game_Development/EOE/EOE/Content/Characters/ParagonSerath/Characters/Heroes/Serath/Animations/Death_Fwd.uasset" 248
"../../../Engine/Content/Functions/Engine_MaterialFunctions01/Density/ExponentialDensity.uasset" 249
"../../../Engine/Content/Functions/Engine_MaterialFunctions01/Gradient/RadialGradientExponential.uasset" 250
"C:/Game_Development/EOE/EOE/Content/UI/UI_Materials/Crosshair_M.uasset" 251
"C:/Game_Development/EOE/EOE/Content/UI/Base_UI.uasset" 252
"C:/Game_Development/EOE/EOE/Content/Blueprints/Characters/CharacterBase_BP.uasset" 253
"C:/Game_Development/EOE/EOE/Content/FX/Spells/BaseAttack/BaseAttack_Ribbon_M.uasset" 254
"../../Plugins/FX/Niagara/Content/DynamicInputs/ValueFromCurve/FloatFromCurve.uasset" 255
"../../Plugins/FX/Niagara/Content/Functions/Emitter/EmitterChangeState.uasset" 256
"../../Plugins/FX/Niagara/Content/Modules/Emitter/EmitterLifeCycle.uasset" 257
"../../Plugins/FX/Niagara/Content/Modules/Emitter/SpawnRate.uasset" 258
"../../Plugins/FX/Niagara/Content/Functions/DirectionAndLengthSafe.uasset" 259
"../../Plugins/FX/Niagara/Content/Functions/Localspace/NF_InitialParticlePosition.uasset" 260
"../../Plugins/FX/Niagara/Content/Functions/Rotation/AxisAngleToQuaternion.uasset" 261
"../../Plugins/FX/Niagara/Content/Functions/Rotation/MultiplyQuaternion.uasset" 262
"../../Plugins/FX/Niagara/Content/Functions/Rotation/QuaternionToAxisAngle.uasset" 263
"../../Plugins/FX/Niagara/Content/Modules/Solvers/SolveForcesAndVelocity.uasset" 264
"../../Plugins/FX/Niagara/Content/Functions/Localspace/ENiagaraCoordinateSpace.uasset" 265
"../../Plugins/FX/Niagara/Content/Functions/Localspace/NF_TransformBase.uasset" 266
"../../Plugins/FX/Niagara/Content/Functions/Localspace/NF_TransformOffset.uasset" 267
"../../Plugins/FX/Niagara/Content/Modules/Spawn/Velocity/AddVelocity.uasset" 268
"../../Plugins/FX/Niagara/Content/Modules/Update/Color/Color.uasset" 269
"../../Plugins/FX/Niagara/Content/Functions/Localspace/NF_TransformVector.uasset" 270
"../../Plugins/FX/Niagara/Content/Modules/Update/Forces/AccelerationForce.uasset" 271
"../../Plugins/FX/Niagara/Content/Modules/Update/Lifetime/UpdateAge.uasset" 272
"../../Plugins/FX/NiagaraExtras/Content/Modules/Spawn/Location/PointSpiralLocation.uasset" 273
"C:/Game_Development/EOE/EOE/Content/FX/Spells/BaseAttack/BaseAttack_Emitter_01.uasset" 274
"../../Plugins/FX/Niagara/Content/Functions/System/SystemChangeState.uasset" 275
"../../Plugins/FX/Niagara/Content/Modules/System/SystemLifeCycle.uasset" 276
"C:/Game_Development/EOE/EOE/Content/FX/Spells/BaseAttack/BaseAttack_SYS.uasset" 277
"../../../Engine/Content/Functions/Engine_MaterialFunctions01/Opacity/CameraDepthFade.uasset" 278
"../../../Engine/Content/EngineMaterials/T_Default_Material_Grid_M.uasset" 279
"../../../Engine/Content/EngineMaterials/T_Default_Material_Grid_N.uasset" 280
"../../../Engine/Content/EngineMaterials/DefaultMaterial.uasset" 281
"../../../Engine/Content/BasicShapes/Sphere.uasset" 282
"../../../Engine/Content/EngineMaterials/OrientParticle.uasset" 283
"../../../Engine/Content/EngineMaterials/DefaultParticle.uasset" 284
"../../../Engine/Content/EngineMaterials/WorldGridMaterial.uasset" 285
"C:/Game_Development/EOE/EOE/Content/Characters/ParagonSerath/FX/Textures/Energy/Plasma/T_Sparrow_Poster_Tendrils_v1_Seamless.uasset" 286
"C:/Game_Development/EOE/EOE/Content/Characters/ParagonSerath/FX/Textures/Smoke/T_SmokeRend_N.uasset" 287
"C:/Game_Development/EOE/EOE/Content/Characters/ParagonSerath/FX/Textures/Tile/Noise/T_Soft_Noise.uasset" 288
"C:/Game_Development/EOE/EOE/Content/Characters/ParagonSerath/FX/Textures/trails/T_Trail_Mask.uasset" 289
"C:/Game_Development/EOE/EOE/Content/Characters/ParagonSerath/FX/Materials/Energy/Plasma/M_FA_radialEnergy2.uasset" 290
"../../../Engine/Content/EngineDebugMaterials/T_1x1_Grid.uasset" 291
"../../../Engine/Content/Functions/Engine_MaterialFunctions01/Debug/PlotFunctionOnGraph.uasset" 292
"../../../Engine/Content/Functions/Engine_MaterialFunctions02/WorldPositionOffset/ObjectScale.uasset" 293
"../../../Engine/Content/Functions/MaterialLayerFunctions/MatLayerBlend_ModulateRoughness.uasset" 294
"../../../Engine/Content/Functions/MaterialLayerFunctions/MatLayerBlend_ModulateSpecular.uasset" 295
"C:/Game_Development/EOE/EOE/Content/Characters/ParagonSerath/FX/Textures/Environment/T_RockSmooth0074_1_XL_N.uasset" 296
"C:/Game_Development/EOE/EOE/Content/Characters/ParagonSerath/FX/Textures/Environment/T_RockSmooth0076_1_L.uasset" 297
"C:/Game_Development/EOE/EOE/Content/Characters/ParagonSerath/FX/Materials/Environment/ML_TilingRocksModule.uasset" 298
"C:/Game_Development/EOE/EOE/Content/Characters/ParagonSerath/FX/Textures/Environment/T_Cliffs0356_1_L_normal.uasset" 299
"C:/Game_Development/EOE/EOE/Content/Characters/ParagonSerath/FX/Textures/Environment/T_LargePlainsBoulder002_D_M.uasset" 300
"C:/Game_Development/EOE/EOE/Content/Characters/ParagonSerath/FX/Textures/Environment/T_LargePlainsBoulder002_N.uasset" 301
"C:/Game_Development/EOE/EOE/Content/Characters/ParagonSerath/FX/Textures/Environment/T_RockSmooth0076_1_L_N.uasset" 302
"C:/Game_Development/EOE/EOE/Content/Characters/ParagonSerath/FX/Textures/Environment/T_RockSmooth0130_1_L.uasset" 303
"C:/Game_Development/EOE/EOE/Content/Characters/ParagonSerath/FX/Textures/Environment/T_RockSmooth0139_1_L.uasset" 304
"C:/Game_Development/EOE/EOE/Content/Characters/ParagonSerath/FX/Materials/Environment/ML_TilingPhotoRock.uasset" 305
"C:/Game_Development/EOE/EOE/Content/Characters/ParagonSerath/FX/Textures/Environment/T_Crunchy_1_D.uasset" 306
"C:/Game_Development/EOE/EOE/Content/Characters/ParagonSerath/FX/Textures/Environment/T_Pebbles_Stones_N.uasset" 307
"C:/Game_Development/EOE/EOE/Content/Characters/ParagonSerath/FX/Materials/Environment/M_pebbles_stones.uasset" 308
"C:/Game_Development/EOE/EOE/Content/Characters/ParagonSerath/FX/Textures/Explosions/T_Explosion_Test_v1.uasset" 309
"C:/Game_Development/EOE/EOE/Content/Characters/ParagonSerath/FX/Textures/Explosions/T_Explosion_Test_v1_Normal.uasset" 310
"C:/Game_Development/EOE/EOE/Content/Characters/ParagonSerath/FX/Materials/Explosions/M_ExplosionTest.uasset" 311
"C:/Game_Development/EOE/EOE/Content/Characters/ParagonSerath/FX/Materials/Functions/FX_EmissiveModulate.uasset" 312
"C:/Game_Development/EOE/EOE/Content/Characters/ParagonSerath/FX/Textures/Fire/T_fx_fire_fireball_subUV_01.uasset" 313
"C:/Game_Development/EOE/EOE/Content/Characters/ParagonSerath/FX/Materials/Fire/M_FX_Fireball_SubUV_01.uasset" 314
"C:/Game_Development/EOE/EOE/Content/Characters/ParagonSerath/FX/Textures/Flares/T_Flare_Spikeball.uasset" 315
"C:/Game_Development/EOE/EOE/Content/Characters/ParagonSerath/FX/Materials/Flares/M_ArrowFlare.uasset" 316
"C:/Game_Development/EOE/EOE/Content/Characters/ParagonSerath/FX/Textures/Masks/T_FireBall_LerpMask.uasset" 317
"C:/Game_Development/EOE/EOE/Content/Characters/ParagonSerath/FX/Textures/Tile/Energy/Plasma/T_Sparrow_Poster_Tendrils_v2_Seamless.uasset" 318
"C:/Game_Development/EOE/EOE/Content/Characters/ParagonSerath/FX/Materials/Shockwave/M_Serath_Burst.uasset" 319
"../../../Engine/Content/Functions/Engine_MaterialFunctions01/Coordinates/PixelInWorldUnits.uasset" 320
"../../../Engine/Content/Functions/Engine_MaterialFunctions01/Coordinates/WorldUnitsInPixel.uasset" 321
"../../../Engine/Content/Functions/Engine_MaterialFunctions03/Particles/ParticleDOF.uasset" 322
"C:/Game_Development/EOE/EOE/Content/Characters/ParagonSerath/FX/Materials/Functions/MF_CameraDistanceFade.uasset" 323
"C:/Game_Development/EOE/EOE/Content/Characters/ParagonSerath/FX/Materials/Functions/MF_ParticleRandomSize.uasset" 324
"../../../Engine/Content/Engine_MI_Shaders/Textures/Bokeh.uasset" 325
"C:/Game_Development/EOE/EOE/Content/Characters/ParagonSerath/FX/Textures/Sparks/T_Spark_Soft.uasset" 326
"C:/Game_Development/EOE/EOE/Content/Characters/ParagonSerath/FX/Textures/Sparks/T_SparkSingle.uasset" 327
"C:/Game_Development/EOE/EOE/Content/Characters/ParagonSerath/FX/Materials/Sparks/M_Hotdog_Spark_VLerp_DOF_Rand_Master.uasset" 328
"C:/Game_Development/EOE/EOE/Content/Characters/ParagonSerath/FX/Materials/Sparks/M_Hotdog_Spark_VLerp_DOF_Rand_ScaleDistanceMaster.uasset" 329
"C:/Game_Development/EOE/EOE/Content/Characters/ParagonSerath/FX/Textures/Tile/Noise/T_AtmosphericCloudNoise03.uasset" 330
"C:/Game_Development/EOE/EOE/Content/Characters/ParagonSerath/FX/Materials/Sparks/M_SoulEmbers.uasset" 331
"../../../Engine/Content/Functions/Engine_MaterialFunctions02/Utility/Swizzle.uasset" 332
"C:/Game_Development/EOE/EOE/Content/Characters/ParagonSerath/FX/Materials/Param_Collections/MPC_EventColors.uasset" 333
"C:/Game_Development/EOE/EOE/Content/Characters/ParagonSerath/FX/Textures/Gradients/LUT/T_fx_fire_LUT_8bit.uasset" 334
"C:/Game_Development/EOE/EOE/Content/Characters/ParagonSerath/FX/Textures/Masks/T_Beam_Gradient_02.uasset" 335
"C:/Game_Development/EOE/EOE/Content/Characters/ParagonSerath/FX/Materials/Fire/M_FA_Bubble.uasset" 336
"C:/Game_Development/EOE/EOE/Content/Characters/ParagonSerath/FX/Materials/Fire/M_FA_Bubble_Inst.uasset" 337
"C:/Game_Development/EOE/EOE/Content/Characters/ParagonSerath/FX/Textures/Flares/T_RayBeams_Packed.uasset" 338
"C:/Game_Development/EOE/EOE/Content/Characters/ParagonSerath/FX/Textures/Masks/T_Smooth_Gradient_Vertical_A.uasset" 339
"C:/Game_Development/EOE/EOE/Content/Characters/ParagonSerath/FX/Materials/Flares/LightShafts/M_Serath_Lights.uasset" 340
"C:/Game_Development/EOE/EOE/Content/Characters/ParagonSerath/FX/Materials/Flares/M_FA_Lights_Inst_1.uasset" 341
"C:/Game_Development/EOE/EOE/Content/Characters/ParagonSerath/FX/Textures/Masks/T_SmokeTrailCoord1_Mask.uasset" 342
"C:/Game_Development/EOE/EOE/Content/Characters/ParagonSerath/FX/Textures/Masks/T_Spline_Gradient.uasset" 343
"C:/Game_Development/EOE/EOE/Content/Characters/ParagonSerath/FX/Materials/Shockwave/M_Serath_Shockwave.uasset" 344
"C:/Game_Development/EOE/EOE/Content/Characters/ParagonSerath/FX/Materials/Shockwave/M_Serath_Shock_Inst.uasset" 345
"C:/Game_Development/EOE/EOE/Content/Characters/ParagonSerath/FX/Textures/Explosions/T_FireBall.uasset" 346
"C:/Game_Development/EOE/EOE/Content/Characters/ParagonSerath/FX/Materials/Shockwave/M_Serath_ShockEvil.uasset" 347
"C:/Game_Development/EOE/EOE/Content/Characters/ParagonSerath/FX/Meshes/Debris/pebbles_stones_c.uasset" 348
"C:/Game_Development/EOE/EOE/Content/Characters/ParagonSerath/FX/Meshes/Hero_Specific/SM_Serath_Mace_EnergyWipe.uasset" 349
"C:/Game_Development/EOE/EOE/Content/Characters/ParagonSerath/FX/Meshes/Hero_Specific/SM_Serath_ShockwaveSlice.uasset" 350
"C:/Game_Development/EOE/EOE/Content/Characters/ParagonSerath/FX/Meshes/Shapes/SM_Shockwave.uasset" 351
"C:/Game_Development/EOE/EOE/Content/Characters/ParagonSerath/FX/Meshes/Shapes/SM_Totem_SlowDome.uasset" 352
"C:/Game_Development/EOE/EOE/Content/Characters/ParagonSerath/FX/Meshes/Water/SM_WaterImpact_ImpactCylinder.uasset" 353
"C:/Game_Development/EOE/EOE/Content/Characters/ParagonSerath/FX/VectorFields/Shape/VelocityGrid60.uasset" 354
"C:/Game_Development/EOE/EOE/Content/Characters/ParagonSerath/FX/VectorFields/VF_TurbulentNoise_1_55.uasset" 355
"C:/Game_Development/EOE/EOE/Content/Characters/ParagonSerath/FX/Particles/Abilities/Ascend/FX/P_Ascend_Hit_Evil.uasset" 356
"C:/Game_Development/EOE/EOE/Content/Blueprints/Spells/SerathBasicSpell.uasset" 357
"C:/Game_Development/EOE/EOE/Content/Characters/ParagonSerath/Characters/Global/Eyes/MaterialFunctions/MaterialLayerConstructors/MF_BaseColorTintAndContrast.uasset" 358
"C:/Game_Development/EOE/EOE/Content/Characters/ParagonSerath/Characters/Global/MaterialLayers/Metal/T_Brushed_Copper_D.uasset" 359
"C:/Game_Development/EOE/EOE/Content/Characters/ParagonSerath/Characters/Global/MaterialLayers/Metal/T_Brushed_Copper_N.uasset" 360
"C:/Game_Development/EOE/EOE/Content/Characters/ParagonSerath/Characters/Global/MaterialLayers/Metal/ML_Brushed_Copper2.uasset" 361
"C:/Game_Development/EOE/EOE/Content/Characters/ParagonSerath/Characters/Global/MaterialLayers/Painted/T_ML_PaintedConstructionMetal_N.uasset" 362
"C:/Game_Development/EOE/EOE/Content/Characters/ParagonSerath/Characters/Global/MaterialLayers/Painted/T_ML_PaintedConstructionMetal.uasset" 363
"C:/Game_Development/EOE/EOE/Content/Characters/ParagonSerath/Characters/Global/MaterialLayers/Painted/ML_YellowPaint.uasset" 364
"C:/Game_Development/EOE/EOE/Content/Characters/ParagonSerath/Characters/Global/MaterialLayers/Synthetics/T_Kurohane_Torso_RGB.uasset" 365
"C:/Game_Development/EOE/EOE/Content/Characters/ParagonSerath/Characters/Global/MaterialLayers/Synthetics/T_ML_PlasticPattern01_N.uasset" 366
"C:/Game_Development/EOE/EOE/Content/Characters/ParagonSerath/Characters/Global/MaterialLayers/Synthetics/T_ML_PlasticPattern_Gray.uasset" 367
"C:/Game_Development/EOE/EOE/Content/Characters/ParagonSerath/Characters/Global/MaterialLayers/Synthetics/ML_LightPlasticPattern09.uasset" 368
"C:/Game_Development/EOE/EOE/Content/Characters/ParagonSerath/Characters/Heroes/Serath/Textures/T_Chest_UnHoly_RGB1_M.uasset" 369
"C:/Game_Development/EOE/EOE/Content/Characters/ParagonSerath/Characters/Heroes/Serath/Textures/T_ChestThighForearmMace_RGB1_M.uasset" 370
"C:/Game_Development/EOE/EOE/Content/Characters/ParagonSerath/Characters/Heroes/Serath/Textures/T_ChestThighForearmMace_RGB1_Tech_M.uasset" 371
"C:/Game_Development/EOE/EOE/Content/Characters/ParagonSerath/Characters/Heroes/Serath/Textures/T_Serath_Tech_Decals_M.uasset" 372
"C:/Game_Development/EOE/EOE/Content/Characters/ParagonSerath/Characters/Heroes/Serath/Skins/Tier1/Serath_Future/Materials/M_Serath_ChT1A.uasset" 373
"C:/Game_Development/EOE/EOE/Content/Characters/ParagonSerath/Characters/Heroes/Serath/Skins/Tier1/Serath_Future/Materials/M_Serath_FT1A.uasset" 374
"C:/Game_Development/EOE/EOE/Content/Characters/ParagonSerath/Characters/Heroes/Serath/Skins/Tier1/Serath_Future/Materials/M_Serath_HT1A.uasset" 375
"C:/Game_Development/EOE/EOE/Content/Characters/ParagonSerath/Characters/Global/FX/Textures/Tile/Geometric/T_BlastShield_Pattern02_N.uasset" 376
"C:/Game_Development/EOE/EOE/Content/Characters/ParagonSerath/Characters/Global/MaterialLayers/Metal/ML_AnodizedAluminium_Pattern.uasset" 377
"C:/Game_Development/EOE/EOE/Content/Characters/ParagonSerath/Characters/Heroes/Serath/Textures/T_HipsKneesFeet_GrimeandScratches_M.uasset" 378
"C:/Game_Development/EOE/EOE/Content/Characters/ParagonSerath/Characters/Heroes/Serath/Textures/T_HipsKneesFeet_RGB1_M.uasset" 379
"C:/Game_Development/EOE/EOE/Content/Characters/ParagonSerath/Characters/Heroes/Serath/Skins/Tier1/Serath_Future/Materials/M_Serath_HTA.uasset" 380
"C:/Game_Development/EOE/EOE/Content/Characters/ParagonSerath/Characters/Heroes/Serath/Textures/T_Serath_Intermediate_Pattern2_D.uasset" 381
"C:/Game_Development/EOE/EOE/Content/Characters/ParagonSerath/Characters/Heroes/Serath/Skins/Tier1/Serath_Future/Materials/M_Serath_Silk_Tech.uasset" 382
"C:/Game_Development/EOE/EOE/Content/Characters/ParagonSerath/Characters/Heroes/Serath/Skins/Tier1/Serath_Gold/Textures/T_HeadShoulderArms_2_D.uasset" 383
"C:/Game_Development/EOE/EOE/Content/Characters/ParagonSerath/Characters/Heroes/Serath/Skins/Tier1/Serath_Gold/Textures/T_HeadShoulderArms_2_UnHoly_D.uasset" 384
"C:/Game_Development/EOE/EOE/Content/Characters/ParagonSerath/Characters/Heroes/Serath/Skins/Tier1/Serath_Gold/Textures/T_HeadShoulderArms_2N.uasset" 385
"C:/Game_Development/EOE/EOE/Content/Characters/ParagonSerath/Characters/Heroes/Serath/Skins/Tier1/Serath_Gold/Materials/M_Serath_RP1_Head.uasset" 386
"C:/Game_Development/EOE/EOE/Content/Characters/ParagonSerath/Characters/Heroes/Serath/Skins/Tier1/Serath_Future/Meshes/Serath_Future.uasset" 387
"C:/Game_Development/EOE/EOE/Content/Blueprints/Characters/Serath_BP.uasset" 388
"../../../Engine/Content/ArtTools/RenderToTexture/Meshes/S_1_Unit_Plane.uasset" 389
"../../../Engine/Content/BasicShapes/Cone.uasset" 390
"../../../Engine/Content/BasicShapes/Cylinder.uasset" 391
"../../../Engine/Content/BasicShapes/Plane.uasset" 392
"../../../Engine/Content/EditorLandscapeResources/DataLayer.uasset" 393
"../../../Engine/Content/EditorMaterials/GizmoMaterial.uasset" 394
"../../../Engine/Content/EditorMaterials/MAT_Groups_Toggle.uasset" 395
"../../../Engine/Content/EditorMaterials/MAT_Groups_Visibility.uasset" 396
"../../../Engine/Content/EditorMaterials/PreviewShadowIndicator.uasset" 397
"../../../Engine/Content/EditorMaterials/PreviewShadowIndicatorMaterial.uasset" 398
"../../../Engine/Content/EditorMaterials/MatineeGroups/MAT_ColorTrack.uasset" 399
"../../../Engine/Content/EditorMaterials/MatineeGroups/MAT_Groups_Anim.uasset" 400
"../../../Engine/Content/EditorMaterials/MatineeGroups/MAT_Groups_AudioMaster.uasset" 401
"../../../Engine/Content/EditorMaterials/MatineeGroups/MAT_Groups_Director.uasset" 402
"../../../Engine/Content/EditorMaterials/MatineeGroups/MAT_Groups_Event.uasset" 403
"../../../Engine/Content/EditorMaterials/MatineeGroups/MAT_Groups_Fade.uasset" 404
"../../../Engine/Content/EditorMaterials/MatineeGroups/MAT_Groups_Float.uasset" 405
"../../../Engine/Content/EditorMaterials/MatineeGroups/MAT_Groups_Move.uasset" 406
"../../../Engine/Content/EditorMaterials/MatineeGroups/MAT_Groups_Slomo.uasset" 407
"../../../Engine/Content/EditorMaterials/MatineeGroups/MAT_Groups_Sound.uasset" 408
"../../../Engine/Content/EditorMaterials/MatineeGroups/MAT_Groups_Vector.uasset" 409
"../../../Engine/Content/EditorMaterials/ParticleSystems/PSysThumbnail_NoImage.uasset" 410
"../../../Engine/Content/EditorMaterials/ParticleSystems/PSysThumbnail_OOD.uasset" 411
"../../../Engine/Content/EditorMaterials/Camera/CineMat.uasset" 412
"../../../Engine/Content/EditorMaterials/Camera/MI_CineMat_Rig.uasset" 413
"../../../Engine/Content/EditorMeshes/Camera/SM_CraneRig_Arm.uasset" 414
"../../../Engine/Content/EditorMeshes/Camera/SM_CraneRig_Base.uasset" 415
"../../../Engine/Content/EditorMeshes/Camera/SM_CraneRig_Body.uasset" 416
"../../../Engine/Content/EditorMeshes/Camera/SM_CraneRig_Mount.uasset" 417
"../../../Engine/Content/EditorMeshes/Camera/SM_RailRig_Mount.uasset" 418
"../../../Engine/Content/EditorMeshes/Camera/SM_RailRig_Track.uasset" 419
"../../../Engine/Content/EditorResources/BSPVertex.uasset" 420
"../../../Engine/Content/EditorResources/EmptyActor.uasset" 421
"../../../Engine/Content/EditorResources/S_Actor.uasset" 422
"../../../Engine/Content/EditorResources/S_Trigger.uasset" 423
"../../../Engine/Content/EditorResources/LightIcons/S_LightError.uasset" 424
"../../../Engine/Content/EditorResources/SequenceRecorder/Countdown.uasset" 425
"../../../Engine/Content/EditorResources/SequenceRecorder/RecordingIndicator.uasset" 426
"../../../Engine/Content/EditorSounds/Notifications/CompileFailed.uasset" 427
"../../../Engine/Content/EditorSounds/Notifications/CompileFailed_Cue.uasset" 428
"../../../Engine/Content/EditorSounds/Notifications/CompileSuccess.uasset" 429
"../../../Engine/Content/EditorSounds/Notifications/CompileStart_Cue.uasset" 430
"../../../Engine/Content/EditorSounds/Notifications/CompileSuccess_Cue.uasset" 431
"../../../Engine/Content/EngineDamageTypes/DmgTypeBP_Environmental.uasset" 432
"../../../Engine/Content/EngineDebugMaterials/HeatmapGradient.uasset" 433
"../../../Engine/Content/EngineDebugMaterials/BoneWeightMaterial.uasset" 434
"../../../Engine/Content/EngineDebugMaterials/ClothMaterial.uasset" 435
"../../../Engine/Content/EngineDebugMaterials/ClothMaterial_WF.uasset" 436
"../../../Engine/Content/EngineDebugMaterials/DebugEditorMaterial.uasset" 437
"../../../Engine/Content/EngineDebugMaterials/DebugMeshMaterial.uasset" 438
"../../../Engine/Content/EngineDebugMaterials/GeomMaterial.uasset" 439
"../../../Engine/Content/EngineDebugMaterials/M_SimpleTranslucent.uasset" 440
"../../../Engine/Content/EngineFonts/Faces/RobotoBold.uasset" 441
"../../../Engine/Content/EngineFonts/Faces/RobotoBoldItalic.uasset" 442
"../../../Engine/Content/EngineFonts/Faces/RobotoItalic.uasset" 443
"../../../Engine/Content/EngineFonts/Faces/RobotoLight.uasset" 444
"../../../Engine/Content/EngineFonts/Faces/RobotoRegular.uasset" 445
"../../../Engine/Content/EngineFonts/Roboto.uasset" 446
"../../../Engine/Content/EngineFonts/Faces/RobotoTiny.uasset" 447
"../../../Engine/Content/EngineFonts/RobotoTiny.uasset" 448
"../../../Engine/Content/EngineMaterials/BaseFlattenDiffuseMap.uasset" 449
"../../../Engine/Content/EngineMaterials/BaseFlattenEmissiveMap.uasset" 450
"../../../Engine/Content/EngineMaterials/BaseFlattenGrayscaleMap.uasset" 451
"../../../Engine/Content/EngineMaterials/BaseFlattenMaterial.uasset" 452
"../../../Engine/Content/EngineMaterials/DefaultBloomKernel.uasset" 453
"../../../Engine/Content/EngineMaterials/DefaultBokeh.uasset" 454
"../../../Engine/Content/EngineMaterials/DefaultDeferredDecalMaterial.uasset" 455
"../../../Engine/Content/EngineMaterials/DefaultLightFunctionMaterial.uasset" 456
"../../../Engine/Content/EngineMaterials/DefaultPostProcessMaterial.uasset" 457
"../../../Engine/Content/EngineFonts/RobotoDistanceField.uasset" 458
"../../../Engine/Content/EngineMaterials/DefaultTextMaterialOpaque.uasset" 459
"../../../Engine/Content/EngineMaterials/DefaultWhiteGrid.uasset" 460
"../../../Engine/Content/EngineMaterials/EditorBrushMaterial.uasset" 461
"../../../Engine/Content/EngineMaterials/MiniFont.uasset" 462
"../../../Engine/Content/EngineMaterials/InvalidLightmapSettings.uasset" 463
"../../../Engine/Content/EngineMaterials/M_InvalidLightmapSettings.uasset" 464
"../../../Engine/Content/EngineMaterials/PhAT_JointLimitMaterial.uasset" 465
"../../../Engine/Content/EngineMaterials/PreintegratedSkinBRDF.uasset" 466
"../../../Engine/Content/EngineMaterials/RemoveSurfaceMaterial.uasset" 467
"../../../Engine/Content/EngineMaterials/WeightMapPlaceholderTexture.uasset" 468
"../../../Engine/Content/EngineMaterials/Widget3DPassThrough.uasset" 469
"../../../Engine/Content/EngineMaterials/Widget3DPassThrough_Masked.uasset" 470
"../../../Engine/Content/EngineMaterials/Widget3DPassThrough_Opaque.uasset" 471
"../../../Engine/Content/EngineMaterials/Widget3DPassThrough_Masked_OneSided.uasset" 472
"../../../Engine/Content/EngineMaterials/Widget3DPassThrough_Opaque_OneSided.uasset" 473
"../../../Engine/Content/EngineMaterials/Widget3DPassThrough_Translucent.uasset" 474
"../../../Engine/Content/EngineMaterials/Widget3DPassThrough_Translucent_OneSided.uasset" 475
"../../../Engine/Content/EngineMeshes/Cylinder.uasset" 476
"../../../Engine/Content/EngineMeshes/Sphere.uasset" 477
"../../../Engine/Content/EngineResources/DefaultTexture.uasset" 478
"../../../Engine/Content/EngineResources/DefaultTextureCube.uasset" 479
"../../../Engine/Content/EngineResources/DefaultVolumeTexture2D.uasset" 480
"../../../Engine/Content/EngineResources/DefaultVolumeTexture.uasset" 481
"../../../Engine/Content/EngineResources/GradientTexture0.uasset" 482
"../../../Engine/Content/EngineSounds/Master.uasset" 483
"../../../Engine/Content/Functions/Engine_MaterialFunctions01/Shading/ConvertFromDiffSpec.uasset" 484
"../../../Engine/Content/Functions/Engine_MaterialFunctions01/Shading/PowerToRoughness.uasset" 485
"../../../Engine/Content/Maps/Templates/Thumbnails/Default.uasset" 486
"../../../Engine/Content/Maps/Templates/Thumbnails/VR-Basic.uasset" 487
"../../../Engine/Content/MobileResources/T_MobileControls_texture.uasset" 488
"../../../Engine/Content/MobileResources/T_MobileMenu2.uasset" 489
"../../../Engine/Content/MobileResources/HUD/AnalogHat.uasset" 490
"../../../Engine/Content/MobileResources/HUD/VirtualJoystick_Background.uasset" 491
"../../../Engine/Content/MobileResources/HUD/VirtualJoystick_Thumb.uasset" 492
"../../../Engine/Content/MobileResources/HUD/DefaultVirtualJoysticks.uasset" 493
"../../../Engine/Content/MobileResources/HUD/LeftVirtualJoystickOnly.uasset" 494
"../../../Engine/Content/MobileResources/HUD/MobileHUDButton1_off.uasset" 495
"../../../Engine/Content/MobileResources/HUD/MobileHUDButton1_on.uasset" 496
"../../../Engine/Content/MobileResources/HUD/MobileHUDButton2_off.uasset" 497
"../../../Engine/Content/MobileResources/HUD/MobileHUDButton2_on.uasset" 498
"../../../Engine/Content/MobileResources/HUD/MobileHUDButton3.uasset" 499
"../../../Engine/Content/MobileResources/HUD/MobileHUDButtonFire.uasset" 500
"../../../Engine/Content/MobileResources/HUD/MobileHUDDirectionPad.uasset" 501
"../../../Engine/Content/MobileResources/HUD/MobileHUDDirectionPad2.uasset" 502
"../../../Engine/Content/MobileResources/HUD/MobileHUDDirectionPad3.uasset" 503
"../../../Engine/Content/MobileResources/HUD/MobileHUDDirectionStick.uasset" 504
"../../../Engine/Content/MobileResources/HUD/T_Castle_ThumbstickInner.uasset" 505
"../../../Engine/Content/MobileResources/HUD/T_Castle_ThumbstickOutter.uasset" 506
"../../../Engine/Content/Tutorial/ContentIntroCurve.uasset" 507
"../../../Engine/Content/Tutorial/Basics/TutorialAssets/icon_tab_Levels_40x.uasset" 508
"../../../Engine/Content/Tutorial/BlueprintTutorials/TutorialAssets/Blueprint_64x.uasset" 509
"../../../Engine/Content/VREditor/LaserPointer/VR_LaserPower_01.uasset" 510
"../../../Engine/Content/VREditor/TransformGizmo/TransformGizmoMaterial.uasset" 511
"../../../Engine/Content/VREditor/TransformGizmo/TranslucentTransformGizmoMaterial.uasset" 512
"../../../Engine/Content/VREditor/TransformGizmo/BoundingBoxCorner.uasset" 513
"../../../Engine/Content/VREditor/TransformGizmo/BoundingBoxEdge.uasset" 514
"../../../Engine/Content/VREditor/TransformGizmo/PlaneTranslationHandle.uasset" 515
"../../../Engine/Content/VREditor/TransformGizmo/Main.uasset" 516
"../../../Engine/Content/VREditor/TransformGizmo/Xray.uasset" 517
"../../../Engine/Content/VREditor/TransformGizmo/SM_Sequencer_Key.uasset" 518
"../../../Engine/Content/VREditor/TransformGizmo/SM_Sequencer_Node.uasset" 519
"../../Plugins/2D/Paper2D/Content/PlaceholderTextures/DummySpriteTexture.uasset" 520
"../../Plugins/2D/Paper2D/Content/DummySprite.uasset" 521
"../../Plugins/2D/Paper2D/Content/DefaultPaperTerrainMaterial.uasset" 522
"../../Plugins/2D/Paper2D/Content/DefaultSpriteMaterial.uasset" 523
"../../Plugins/2D/Paper2D/Content/MaskedUnlitSpriteMaterial.uasset" 524
"../../Plugins/2D/Paper2D/Content/OpaqueUnlitSpriteMaterial.uasset" 525
"../../Plugins/FX/Niagara/Content/DynamicInputs/Bool/ENiagaraBooleanLogicOps.uasset" 526
"../../Plugins/FX/Niagara/Content/Functions/Localspace/ENiagaraOrientationAxis.uasset" 527
"../../Plugins/Runtime/Oculus/OculusVR/Content/Materials/PokeAHoleMaterial.uasset" 528
"../../Plugins/Runtime/Oculus/OculusVR/Content/Textures/GearVRController_AO.uasset" 529
"../../Plugins/Runtime/Oculus/OculusVR/Content/Textures/GearVRController_Color.uasset" 530
"../../Plugins/Runtime/Oculus/OculusVR/Content/Textures/GearVRController_Normal.uasset" 531
"../../Plugins/Runtime/Oculus/OculusVR/Content/Materials/GearVRControllerMaterial.uasset" 532
"../../Plugins/Runtime/Oculus/OculusVR/Content/Meshes/GearVrController.uasset" 533
"../../Plugins/Runtime/Oculus/OculusVR/Content/Textures/touchController_albedo.uasset" 534
"../../Plugins/Runtime/Oculus/OculusVR/Content/Textures/touchController_controlmap.uasset" 535
"../../Plugins/Runtime/Oculus/OculusVR/Content/Materials/touchController_mat.uasset" 536
"../../Plugins/Runtime/Oculus/OculusVR/Content/Meshes/LeftTouchController.uasset" 537
"../../Plugins/Runtime/Oculus/OculusVR/Content/Meshes/RiftHMD.uasset" 538
"../../Plugins/Runtime/Oculus/OculusVR/Content/Meshes/RightTouchController.uasset" 539
"C:/Game_Development/EOE/EOE/Content/Characters/QuadrapedCreatures/MountainDragon/Meshes/MOUNTAIN_DRAGON_Skeleton.uasset" 540
"C:/Game_Development/EOE/EOE/Content/Characters/QuadrapedCreatures/MountainDragon/Animations/ANIM_MOUNTAIN_DRAGON_idleLookAround.uasset" 541
"../../../Engine/Content/EngineSky/C_Sky_Cloud_Color.uasset" 542
"../../../Engine/Content/EngineSky/C_Sky_Horizon_Color.uasset" 543
"../../../Engine/Content/EngineSky/C_Sky_Zenith_Color.uasset" 544
"../../../Engine/Content/EngineSky/T_Sky_Blue.uasset" 545
"../../../Engine/Content/EngineSky/T_Sky_Clouds_M.uasset" 546
"../../../Engine/Content/EngineSky/T_Sky_Stars.uasset" 547
"../../../Engine/Content/EngineSky/M_Sky_Panning_Clouds2.uasset" 548
"../../../Engine/Content/EngineSky/SM_SkySphere.uasset" 549
"../../../Engine/Content/EngineSky/BP_Sky_Sphere.uasset" 550
"../../../Engine/Content/BasicShapes/BasicShapeMaterial.uasset" 551
"C:/Game_Development/EOE/EOE/Content/Characters/QuadrapedCreatures/MountainDragon/Textures/T_MOUNTAIN_DRAGON_ALBEDO.uasset" 552
"C:/Game_Development/EOE/EOE/Content/Characters/QuadrapedCreatures/MountainDragon/Textures/T_MOUNTAIN_DRAGON_AO.uasset" 553
"C:/Game_Development/EOE/EOE/Content/Characters/QuadrapedCreatures/MountainDragon/Textures/T_MOUNTAIN_DRAGON_ILLUM.uasset" 554
"C:/Game_Development/EOE/EOE/Content/Characters/QuadrapedCreatures/MountainDragon/Textures/T_MOUNTAIN_DRAGON_NRM.uasset" 555
"C:/Game_Development/EOE/EOE/Content/Characters/QuadrapedCreatures/MountainDragon/Textures/T_MOUNTAIN_DRAGON_RoughnessSpecularMetallic.uasset" 556
"C:/Game_Development/EOE/EOE/Content/Characters/QuadrapedCreatures/MountainDragon/Materials/M_MOUNTAIN_DRAGON.uasset" 557
"../../../Engine/Content/BasicShapes/Cube.uasset" 558
"../../../Engine/Content/EngineMaterials/DefaultPhysicalMaterial.uasset" 559
"C:/Game_Development/EOE/EOE/Content/Characters/QuadrapedCreatures/MountainDragon/Meshes/MOUNTAIN_DRAGON_PhysicsAsset.uasset" 560
"C:/Game_Development/EOE/EOE/Content/Characters/QuadrapedCreatures/MountainDragon/Meshes/SK_MOUNTAIN_DRAGON.uasset" 561
"C:/Game_Development/EOE/EOE/Content/Environment/Trees/bark03_n.uasset" 562
"C:/Game_Development/EOE/EOE/Content/Environment/Trees/bark03_s.uasset" 563
"C:/Game_Development/EOE/EOE/Content/Environment/Trees/bark04.uasset" 564
"C:/Game_Development/EOE/EOE/Content/Environment/Trees/bark03.uasset" 565
"../../../Engine/Content/Functions/Engine_MaterialFunctions01/WorldPositionOffset/SimpleGrassWind.uasset" 566
"C:/Game_Development/EOE/EOE/Content/Environment/Trees/oak_leaf1.uasset" 567
"C:/Game_Development/EOE/EOE/Content/Environment/Trees/oak_leaf_n.uasset" 568
"C:/Game_Development/EOE/EOE/Content/Environment/Trees/oak_leaf_s.uasset" 569
"C:/Game_Development/EOE/EOE/Content/Environment/Trees/oak_leaf_sss.uasset" 570
"C:/Game_Development/EOE/EOE/Content/Environment/Trees/oak_leaf.uasset" 571
"C:/Game_Development/EOE/EOE/Content/Environment/Trees/Oak02.uasset" 572
"C:/Game_Development/EOE/EOE/Content/StarterContent/Textures/T_Chair_M.uasset" 573
"C:/Game_Development/EOE/EOE/Content/StarterContent/Textures/T_Chair_N.uasset" 574
"C:/Game_Development/EOE/EOE/Content/StarterContent/Props/Materials/M_Chair.uasset" 575
"C:/Game_Development/EOE/EOE/Content/StarterContent/Props/SM_Chair.uasset" 576
"C:/Game_Development/EOE/EOE/Content/StarterContent/Textures/T_Detail_Rocky_N.uasset" 577
"C:/Game_Development/EOE/EOE/Content/StarterContent/Textures/T_Rock_Basalt_D.uasset" 578
"C:/Game_Development/EOE/EOE/Content/StarterContent/Textures/T_RockMesh_M.uasset" 579
"C:/Game_Development/EOE/EOE/Content/StarterContent/Textures/T_RockMesh_N.uasset" 580
"C:/Game_Development/EOE/EOE/Content/StarterContent/Props/Materials/M_Rock.uasset" 581
"C:/Game_Development/EOE/EOE/Content/StarterContent/Props/SM_Rock.uasset" 582
"C:/Game_Development/EOE/EOE/Content/Maps/GameLevel.umap" 583
"C:/Game_Development/EOE/EOE/Content/UI/Lobby/Lobby_UI.uasset" 584
"C:/Game_Development/EOE/EOE/Content/Maps/LobbyLevel.umap" 585
"C:/Game_Development/EOE/EOE/Content/Maps/TransitionLevel.umap" 586
